
/home/runner/work/exp-solution-system-linear-equation-dei/exp-solution-system-linear-equation-dei/experiment/simulation/js/main.js
    3:10  warning  'submit' is defined but never used        no-unused-vars
   14:9   warning  'x1' is assigned a value but never used   no-unused-vars
   15:9   warning  'x2' is assigned a value but never used   no-unused-vars
   62:10  warning  'smatrix' is defined but never used       no-unused-vars
   97:10  warning  'showexp' is defined but never used       no-unused-vars
  108:10  warning  'b1' is assigned a value but never used   no-unused-vars
  112:10  warning  'b2' is assigned a value but never used   no-unused-vars
  133:3   warning  'MathJax' is not defined                  no-undef
  133:33  warning  'MathJax' is not defined                  no-undef
  309:10  warning  'lmeqe' is defined but never used         no-unused-vars
  316:10  warning  'a' is assigned a value but never used    no-unused-vars
  317:10  warning  'b' is assigned a value but never used    no-unused-vars
  318:10  warning  'c' is assigned a value but never used    no-unused-vars
  319:10  warning  'b1' is assigned a value but never used   no-unused-vars
  320:10  warning  'd' is assigned a value but never used    no-unused-vars
  321:10  warning  'e' is assigned a value but never used    no-unused-vars
  322:10  warning  'f' is assigned a value but never used    no-unused-vars
  323:10  warning  'b2' is assigned a value but never used   no-unused-vars
  365:10  warning  'illustration' is defined but never used  no-unused-vars
  419:1   warning  'MathJax' is not defined                  no-undef
  419:31  warning  'MathJax' is not defined                  no-undef

/home/runner/work/exp-solution-system-linear-equation-dei/exp-solution-system-linear-equation-dei/experiment/simulation/js/mainjs3.js
   16:10  warning  'checkRC' is defined but never used       no-unused-vars
   76:10  warning  'checkAnswer' is defined but never used   no-unused-vars
   92:14  warning  'checkAnswer2' is defined but never used  no-unused-vars
  111:14  warning  'reasonAns' is defined but never used     no-unused-vars

✖ 25 problems (0 errors, 25 warnings)

